生成启动时间为 2017/4/16 20:57:01。
     1>项目“D:\VS2015Projects\C++经典面试题(字符串)\C++经典面试题(字符串)\C++经典面试题(字符串).vcxproj”在节点 2 上(Build 个目标)。
     1>ClCompile:
         D:\VS2015\VC\bin\CL.exe /c /ZI /nologo /W3 /WX- /Od /Oy- /D WIN32 /D _DEBUG /D _CONSOLE /D _UNICODE /D UNICODE /Gm /EHsc /RTC1 /MDd /GS /fp:precise /Zc:wchar_t /Zc:forScope /Zc:inline /Fo"Debug\\" /Fd"Debug\vc140.pdb" /Gd /TP /analyze- /errorReport:prompt main.cpp
         main.cpp
     1>d:\vs2015projects\c++经典面试题(字符串)\c++经典面试题(字符串)\main.cpp(39): warning C4996: 'strcpy': This function or variable may be unsafe. Consider using strcpy_s instead. To disable deprecation, use _CRT_SECURE_NO_WARNINGS. See online help for details.
         c:\program files (x86)\windows kits\10\include\10.0.10150.0\ucrt\string.h(119): note: 参见“strcpy”的声明
     1>d:\vs2015projects\c++经典面试题(字符串)\c++经典面试题(字符串)\main.cpp(50): warning C4996: 'strcpy': This function or variable may be unsafe. Consider using strcpy_s instead. To disable deprecation, use _CRT_SECURE_NO_WARNINGS. See online help for details.
         c:\program files (x86)\windows kits\10\include\10.0.10150.0\ucrt\string.h(119): note: 参见“strcpy”的声明
     1>d:\vs2015projects\c++经典面试题(字符串)\c++经典面试题(字符串)\main.cpp(58): warning C4996: 'strcpy': This function or variable may be unsafe. Consider using strcpy_s instead. To disable deprecation, use _CRT_SECURE_NO_WARNINGS. See online help for details.
         c:\program files (x86)\windows kits\10\include\10.0.10150.0\ucrt\string.h(119): note: 参见“strcpy”的声明
     1>d:\vs2015projects\c++经典面试题(字符串)\c++经典面试题(字符串)\main.cpp(81): warning C4996: 'strcpy': This function or variable may be unsafe. Consider using strcpy_s instead. To disable deprecation, use _CRT_SECURE_NO_WARNINGS. See online help for details.
         c:\program files (x86)\windows kits\10\include\10.0.10150.0\ucrt\string.h(119): note: 参见“strcpy”的声明
     1>d:\vs2015projects\c++经典面试题(字符串)\c++经典面试题(字符串)\main.cpp(115): warning C4996: 'strcpy': This function or variable may be unsafe. Consider using strcpy_s instead. To disable deprecation, use _CRT_SECURE_NO_WARNINGS. See online help for details.
         c:\program files (x86)\windows kits\10\include\10.0.10150.0\ucrt\string.h(119): note: 参见“strcpy”的声明
     1>d:\vs2015projects\c++经典面试题(字符串)\c++经典面试题(字符串)\main.cpp(116): warning C4996: 'strcpy': This function or variable may be unsafe. Consider using strcpy_s instead. To disable deprecation, use _CRT_SECURE_NO_WARNINGS. See online help for details.
         c:\program files (x86)\windows kits\10\include\10.0.10150.0\ucrt\string.h(119): note: 参见“strcpy”的声明
     1>d:\vs2015projects\c++经典面试题(字符串)\c++经典面试题(字符串)\main.cpp(118): warning C4996: 'strcpy': This function or variable may be unsafe. Consider using strcpy_s instead. To disable deprecation, use _CRT_SECURE_NO_WARNINGS. See online help for details.
         c:\program files (x86)\windows kits\10\include\10.0.10150.0\ucrt\string.h(119): note: 参见“strcpy”的声明
     1>d:\vs2015projects\c++经典面试题(字符串)\c++经典面试题(字符串)\main.cpp(126): warning C4018: “<”: 有符号/无符号不匹配
       Link:
         D:\VS2015\VC\bin\link.exe /ERRORREPORT:PROMPT /OUT:"D:\VS2015Projects\C++经典面试题(字符串)\Debug\C++经典面试题(字符串).exe" /INCREMENTAL /NOLOGO kernel32.lib user32.lib gdi32.lib winspool.lib comdlg32.lib advapi32.lib shell32.lib ole32.lib oleaut32.lib uuid.lib odbc32.lib odbccp32.lib /MANIFEST /MANIFESTUAC:"level='asInvoker' uiAccess='false'" /manifest:embed /Debug /PDB:"D:\VS2015Projects\C++经典面试题(字符串)\Debug\C++经典面试题(字符串).pdb" /SUBSYSTEM:CONSOLE /TLBID:1 /DYNAMICBASE /NXCOMPAT /IMPLIB:"D:\VS2015Projects\C++经典面试题(字符串)\Debug\C++经典面试题(字符串).lib" /MACHINE:X86 Debug\main.obj
         C++经典面试题(字符串).vcxproj -> D:\VS2015Projects\C++经典面试题(字符串)\Debug\C++经典面试题(字符串).exe
     1>已完成生成项目“D:\VS2015Projects\C++经典面试题(字符串)\C++经典面试题(字符串)\C++经典面试题(字符串).vcxproj”(Build 个目标)的操作。

已成功生成。

已用时间 00:00:01.57
